<?xml version="1.0" encoding="UTF-8"?>
<testsuite name="agh.ics.oop.AnimalTest" tests="1" skipped="0" failures="0" errors="0" timestamp="2021-11-11T18:03:21" hostname="DESKTOP-ENVA86M" time="0.04">
  <properties/>
  <testcase name="move()" classname="agh.ics.oop.AnimalTest" time="0.04"/>
  <system-out><![CDATA[^  FORWARD
^  FORWARD
^  FORWARD
^  FORWARD
^  FORWARD
^  FORWARD
^  BACKWARD
^  BACKWARD
^  BACKWARD
^  BACKWARD
^  BACKWARD
^  BACKWARD
<  LEFT
<  FORWARD
<  FORWARD
<  FORWARD
<  FORWARD
<  FORWARD
^  RIGHT
>  RIGHT
>  FORWARD
>  FORWARD
>  FORWARD
>  FORWARD
>  FORWARD
>  FORWARD
]]></system-out>
  <system-err><![CDATA[]]></system-err>
</testsuite>
